ParseStarterProject/build/outputs/logs/manifest-merger-debug-report.txt
-- Merging decision tree log ---
manifest
ADDED from src/main/AndroidManifest.xml:9:1-65:12
	xmlns:android
		ADDED from src/main/AndroidManifest.xml:9:11-69
	package
		ADDED from src/main/AndroidManifest.xml:10:5-32
		INJECTED from src/main/AndroidManifest.xml
		INJECTED from src/main/AndroidManifest.xml
	android:versionName
		INJECTED from src/main/AndroidManifest.xml
		INJECTED from src/main/AndroidManifest.xml
	android:versionCode
		INJECTED from src/main/AndroidManifest.xml
		INJECTED from src/main/AndroidManifest.xml
uses-permission#android.permission.INTERNET
ADDED from src/main/AndroidManifest.xml:12:5-67
	android:name
		ADDED from src/main/AndroidManifest.xml:12:22-64
uses-permission#android.permission.ACCESS_NETWORK_STATE
ADDED from src/main/AndroidManifest.xml:13:5-79
	android:name
		ADDED from src/main/AndroidManifest.xml:13:22-76
application
ADDED from src/main/AndroidManifest.xml:15:5-63:19
MERGED from [com.google.android.gms:play-services-appindexing:8.1.0] AndroidManifest.xml:19:5-20
MERGED from [com.google.android.gms:play-services-basement:8.1.0] AndroidManifest.xml:20:5-24:19
MERGED from [com.android.support:support-v4:22.2.0] AndroidManifest.xml:22:5-20
MERGED from [com.android.support:appcompat-v7:22.2.0] AndroidManifest.xml:22:5-20
MERGED from [com.android.support:support-v4:22.2.0] AndroidManifest.xml:22:5-20
	android:label
		ADDED from src/main/AndroidManifest.xml:19:9-41
	android:allowBackup
		ADDED from src/main/AndroidManifest.xml:17:9-35
	android:icon
		ADDED from src/main/AndroidManifest.xml:18:9-43
	android:theme
		ADDED from src/main/AndroidManifest.xml:20:9-40
	android:name
		ADDED from src/main/AndroidManifest.xml:16:9-41
meta-data#com.parse.APPLICATION_ID
ADDED from src/main/AndroidManifest.xml:21:9-23:52
	android:name
		ADDED from src/main/AndroidManifest.xml:22:13-52
	android:value
		ADDED from src/main/AndroidManifest.xml:23:13-49
meta-data#com.parse.CLIENT_KEY
ADDED from src/main/AndroidManifest.xml:24:9-26:56
	android:name
		ADDED from src/main/AndroidManifest.xml:25:13-48
	android:value
		ADDED from src/main/AndroidManifest.xml:26:13-53
activity#com.parse.starter.Views.LoginActivity
ADDED from src/main/AndroidManifest.xml:28:9-36:20
	android:label
		ADDED from src/main/AndroidManifest.xml:30:13-45
	android:name
		ADDED from src/main/AndroidManifest.xml:29:13-48
intent-filter#android.intent.action.MAIN+android.intent.category.LAUNCHER
ADDED from src/main/AndroidManifest.xml:31:13-35:29
action#android.intent.action.MAIN
ADDED from src/main/AndroidManifest.xml:32:17-69
	android:name
		ADDED from src/main/AndroidManifest.xml:32:25-66
category#android.intent.category.LAUNCHER
ADDED from src/main/AndroidManifest.xml:34:17-77
	android:name
		ADDED from src/main/AndroidManifest.xml:34:27-74
meta-data#com.google.android.gms.version
ADDED from src/main/AndroidManifest.xml:41:9-46:15
MERGED from [com.google.android.gms:play-services-basement:8.1.0] AndroidManifest.xml:21:9-23:69
	android:name
		ADDED from src/main/AndroidManifest.xml:42:13-58
	android:value
		ADDED from src/main/AndroidManifest.xml:43:13-66
meta-data#DATABASE
ADDED from src/main/AndroidManifest.xml:50:9-73
	android:name
		ADDED from src/main/AndroidManifest.xml:50:20-43
	android:value
		ADDED from src/main/AndroidManifest.xml:50:44-70
meta-data#VERSION
ADDED from src/main/AndroidManifest.xml:51:9-63
	android:name
		ADDED from src/main/AndroidManifest.xml:51:20-42
	android:value
		ADDED from src/main/AndroidManifest.xml:51:43-60
meta-data#QUERY_LOG
ADDED from src/main/AndroidManifest.xml:52:9-68
	android:name
		ADDED from src/main/AndroidManifest.xml:52:20-44
	android:value
		ADDED from src/main/AndroidManifest.xml:52:45-65
meta-data#DOMAIN_PACKAGE_NAME
ADDED from src/main/AndroidManifest.xml:53:9-98
	android:name
		ADDED from src/main/AndroidManifest.xml:53:20-54
	android:value
		ADDED from src/main/AndroidManifest.xml:53:55-95
activity#com.parse.starter.Views.TweetsActivity
ADDED from src/main/AndroidManifest.xml:55:9-62:20
	android:windowSoftInputMode
		ADDED from src/main/AndroidManifest.xml:58:13-54
	android:label
		ADDED from src/main/AndroidManifest.xml:57:13-59
	android:name
		ADDED from src/main/AndroidManifest.xml:56:13-49
uses-sdk
INJECTED from src/main/AndroidManifest.xml reason: use-sdk injection requested
MERGED from [com.google.android.gms:play-services-appindexing:8.1.0] AndroidManifest.xml:18:5-42
MERGED from [com.google.android.gms:play-services-basement:8.1.0] AndroidManifest.xml:18:5-42
MERGED from [com.android.support:support-v4:22.2.0] AndroidManifest.xml:20:5-43
MERGED from [com.android.support:appcompat-v7:22.2.0] AndroidManifest.xml:20:5-43
MERGED from [com.android.support:support-v4:22.2.0] AndroidManifest.xml:20:5-43
MERGED from [com.github.satyan:sugar:1.5] AndroidManifest.xml:7:5-9:41
	android:targetSdkVersion
		INJECTED from src/main/AndroidManifest.xml
		INJECTED from src/main/AndroidManifest.xml
	android:minSdkVersion
		INJECTED from src/main/AndroidManifest.xml
		INJECTED from src/main/AndroidManifest.xml